|-------> Iniciando log.....
|-------> Registrando o driver.....
|-------> Iniciando log.....
|-------> Registrando o driver.....
|-------> Realizando a conexão.....
DriverManager.getConnection("jdbc:oracle:thin:@localhost:1521:xe")
    trying oracle.jdbc.OracleDriver
SQLState(72000) vendor code(1017)
java.sql.SQLException: ORA-01017: invalid username/password; logon denied

	at oracle.jdbc.driver.SQLStateMapping.newSQLException(SQLStateMapping.java:71)
	at oracle.jdbc.driver.DatabaseError.newSQLException(DatabaseError.java:144)
	at oracle.jdbc.driver.DatabaseError.createSqlException(DatabaseError.java:200)
	at oracle.jdbc.driver.T4CTTIoer.processError(T4CTTIoer.java:439)
	at oracle.jdbc.driver.T4CTTIoer.processError(T4CTTIoer.java:389)
	at oracle.jdbc.driver.T4CTTIoer.processError(T4CTTIoer.java:382)
	at oracle.jdbc.driver.T4CTTIfun.processError(T4CTTIfun.java:573)
	at oracle.jdbc.driver.T4CTTIoauthenticate.processError(T4CTTIoauthenticate.java:431)
	at oracle.jdbc.driver.T4CTTIfun.receive(T4CTTIfun.java:445)
	at oracle.jdbc.driver.T4CTTIfun.doRPC(T4CTTIfun.java:191)
	at oracle.jdbc.driver.T4CTTIoauthenticate.doOAUTH(T4CTTIoauthenticate.java:366)
	at oracle.jdbc.driver.T4CTTIoauthenticate.doOAUTH(T4CTTIoauthenticate.java:752)
	at oracle.jdbc.driver.T4CConnection.logon(T4CConnection.java:366)
	at oracle.jdbc.driver.PhysicalConnection.<init>(PhysicalConnection.java:536)
	at oracle.jdbc.driver.T4CConnection.<init>(T4CConnection.java:228)
	at oracle.jdbc.driver.T4CDriverExtension.getConnection(T4CDriverExtension.java:32)
	at oracle.jdbc.driver.OracleDriver.connect(OracleDriver.java:521)
	at java.sql.DriverManager.getConnection(Unknown Source)
	at java.sql.DriverManager.getConnection(Unknown Source)
	at br.com.eventool.jdbc.Conexao.getConexao(Conexao.java:76)
	at br.com.eventool.dao.jdbc.EventoDaoJdbc.<init>(EventoDaoJdbc.java:24)
	at br.com.eventool.dao.DaoFactory.getEventoDao(DaoFactory.java:9)
	at br.com.eventool.controller.EventoController.pesquisar(EventoController.java:31)
	at br.com.eventool.view.ViewEventoolReportMannager.reportBuilder(ViewEventoolReportMannager.java:389)
	at br.com.eventool.view.ViewEventoolReportMannager.getReportParam(ViewEventoolReportMannager.java:278)
	at br.com.eventool.view.ViewEventoolReportMannager.main(ViewEventoolReportMannager.java:50)
SQLState(99999) vendor code(17430)
java.sql.SQLException: Deve ter estabelecido log-on no servidor
	at oracle.jdbc.driver.SQLStateMapping.newSQLException(SQLStateMapping.java:71)
	at oracle.jdbc.driver.DatabaseError.newSQLException(DatabaseError.java:144)
	at oracle.jdbc.driver.DatabaseError.createSqlException(DatabaseError.java:191)
	at oracle.jdbc.driver.DatabaseError.createSqlException(DatabaseError.java:258)
	at oracle.jdbc.driver.DatabaseError.createSqlException(DatabaseError.java:266)
	at oracle.jdbc.driver.DatabaseError.createSqlException(DatabaseError.java:413)
	at oracle.jdbc.driver.T4CConnection.assertLoggedOn(T4CConnection.java:3599)
	at oracle.jdbc.driver.T4CConnection.logoff(T4CConnection.java:493)
	at oracle.jdbc.driver.PhysicalConnection.<init>(PhysicalConnection.java:640)
	at oracle.jdbc.driver.T4CConnection.<init>(T4CConnection.java:228)
	at oracle.jdbc.driver.T4CDriverExtension.getConnection(T4CDriverExtension.java:32)
	at oracle.jdbc.driver.OracleDriver.connect(OracleDriver.java:521)
	at java.sql.DriverManager.getConnection(Unknown Source)
	at java.sql.DriverManager.getConnection(Unknown Source)
	at br.com.eventool.jdbc.Conexao.getConexao(Conexao.java:76)
	at br.com.eventool.dao.jdbc.EventoDaoJdbc.<init>(EventoDaoJdbc.java:24)
	at br.com.eventool.dao.DaoFactory.getEventoDao(DaoFactory.java:9)
	at br.com.eventool.controller.EventoController.pesquisar(EventoController.java:31)
	at br.com.eventool.view.ViewEventoolReportMannager.reportBuilder(ViewEventoolReportMannager.java:389)
	at br.com.eventool.view.ViewEventoolReportMannager.getReportParam(ViewEventoolReportMannager.java:278)
	at br.com.eventool.view.ViewEventoolReportMannager.main(ViewEventoolReportMannager.java:50)
getConnection failed: java.sql.SQLException: ORA-01017: invalid username/password; logon denied

SQLState.. :72000
Error Code :1017
|-------> Iniciando log.....
|-------> Registrando o driver.....
|-------> Realizando a conexão.....
DriverManager.getConnection("jdbc:oracle:thin:@localhost:1521:xe")
    trying oracle.jdbc.OracleDriver
getConnection returning oracle.jdbc.OracleDriver
|-------> Conexão estabelecida.....
|-------> Iniciando log.....
|-------> Registrando o driver.....
|-------> Realizando a conexão.....
DriverManager.getConnection("jdbc:oracle:thin:@localhost:1521:xe")
    trying oracle.jdbc.OracleDriver
getConnection returning oracle.jdbc.OracleDriver
|-------> Conexão estabelecida.....
|-------> Iniciando log.....
|-------> Registrando o driver.....
|-------> Realizando a conexão.....
DriverManager.getConnection("jdbc:oracle:thin:@localhost:1521:xe")
    trying oracle.jdbc.OracleDriver
getConnection returning oracle.jdbc.OracleDriver
|-------> Conexão estabelecida.....
|-------> Iniciando log.....
|-------> Registrando o driver.....
|-------> Realizando a conexão.....
DriverManager.getConnection("jdbc:oracle:thin:@localhost:1521:xe")
    trying oracle.jdbc.OracleDriver
getConnection returning oracle.jdbc.OracleDriver
|-------> Conexão estabelecida.....
|-------> Iniciando log.....
|-------> Registrando o driver.....
|-------> Realizando a conexão.....
DriverManager.getConnection("jdbc:oracle:thin:@localhost:1521:xe")
    trying oracle.jdbc.OracleDriver
getConnection returning oracle.jdbc.OracleDriver
|-------> Conexão estabelecida.....
|-------> Iniciando log.....
|-------> Registrando o driver.....
|-------> Realizando a conexão.....
DriverManager.getConnection("jdbc:oracle:thin:@localhost:1521:xe")
    trying oracle.jdbc.OracleDriver
getConnection returning oracle.jdbc.OracleDriver
|-------> Conexão estabelecida.....
|-------> Iniciando log.....
|-------> Registrando o driver.....
|-------> Realizando a conexão.....
DriverManager.getConnection("jdbc:oracle:thin:@localhost:1521:xe")
    trying oracle.jdbc.OracleDriver
getConnection returning oracle.jdbc.OracleDriver
|-------> Conexão estabelecida.....
|-------> Iniciando log.....
|-------> Registrando o driver.....
|-------> Realizando a conexão.....
DriverManager.getConnection("jdbc:oracle:thin:@localhost:1521:xe")
    trying oracle.jdbc.OracleDriver
getConnection returning oracle.jdbc.OracleDriver
|-------> Conexão estabelecida.....
|-------> Iniciando log.....
|-------> Registrando o driver.....
|-------> Realizando a conexão.....
DriverManager.getConnection("jdbc:oracle:thin:@localhost:1521:xe")
    trying oracle.jdbc.OracleDriver
getConnection returning oracle.jdbc.OracleDriver
|-------> Conexão estabelecida.....
|-------> Iniciando log.....
|-------> Registrando o driver.....
|-------> Realizando a conexão.....
DriverManager.getConnection("jdbc:oracle:thin:@localhost:1521:xe")
    trying oracle.jdbc.OracleDriver
getConnection returning oracle.jdbc.OracleDriver
|-------> Conexão estabelecida.....
|-------> Iniciando log.....
|-------> Registrando o driver.....
|-------> Realizando a conexão.....
DriverManager.getConnection("jdbc:oracle:thin:@localhost:1521:xe")
    trying oracle.jdbc.OracleDriver
getConnection returning oracle.jdbc.OracleDriver
|-------> Conexão estabelecida.....
|-------> Iniciando log.....
|-------> Registrando o driver.....
|-------> Realizando a conexão.....
DriverManager.getConnection("jdbc:oracle:thin:@localhost:1521:xe")
    trying oracle.jdbc.OracleDriver
getConnection returning oracle.jdbc.OracleDriver
|-------> Conexão estabelecida.....
|-------> Iniciando log.....
|-------> Registrando o driver.....
|-------> Realizando a conexão.....
DriverManager.getConnection("jdbc:oracle:thin:@localhost:1521:xe")
    trying oracle.jdbc.OracleDriver
getConnection returning oracle.jdbc.OracleDriver
|-------> Conexão estabelecida.....
SQLState(42000) vendor code(942)
java.sql.SQLSyntaxErrorException: ORA-00942: a tabela ou view não existe

	at oracle.jdbc.driver.SQLStateMapping.newSQLException(SQLStateMapping.java:90)
	at oracle.jdbc.driver.DatabaseError.newSQLException(DatabaseError.java:144)
	at oracle.jdbc.driver.DatabaseError.createSqlException(DatabaseError.java:200)
	at oracle.jdbc.driver.T4CTTIoer.processError(T4CTTIoer.java:439)
	at oracle.jdbc.driver.T4CTTIoer.processError(T4CTTIoer.java:396)
	at oracle.jdbc.driver.T4C8Oall.processError(T4C8Oall.java:837)
	at oracle.jdbc.driver.T4CTTIfun.receive(T4CTTIfun.java:445)
	at oracle.jdbc.driver.T4CTTIfun.doRPC(T4CTTIfun.java:191)
	at oracle.jdbc.driver.T4C8Oall.doOALL(T4C8Oall.java:523)
	at oracle.jdbc.driver.T4CPreparedStatement.doOall8(T4CPreparedStatement.java:207)
	at oracle.jdbc.driver.T4CPreparedStatement.executeForDescribe(T4CPreparedStatement.java:863)
	at oracle.jdbc.driver.OracleStatement.executeMaybeDescribe(OracleStatement.java:1153)
	at oracle.jdbc.driver.OracleStatement.doExecuteWithTimeout(OracleStatement.java:1275)
	at oracle.jdbc.driver.OraclePreparedStatement.executeInternal(OraclePreparedStatement.java:3576)
	at oracle.jdbc.driver.OraclePreparedStatement.executeQuery(OraclePreparedStatement.java:3620)
	at oracle.jdbc.driver.OraclePreparedStatementWrapper.executeQuery(OraclePreparedStatementWrapper.java:1491)
	at br.com.tripcuritiba.dao.jdbc.TripCuritibaDaoJdbc.search(TripCuritibaDaoJdbc.java:83)
	at br.com.tripcuritiba.controller.TripCuritibaController.pesquisar(TripCuritibaController.java:32)
	at br.com.tripcuritiba.view.ViewTripCuritiba.reportBuilder(ViewTripCuritiba.java:325)
	at br.com.tripcuritiba.view.ViewTripCuritiba.main(ViewTripCuritiba.java:56)
SQLState.. :42000
Error Code :942
|-------> Iniciando log.....
|-------> Registrando o driver.....
|-------> Realizando a conexão.....
DriverManager.getConnection("jdbc:oracle:thin:@localhost:1521:xe")
    trying oracle.jdbc.OracleDriver
|-------> Iniciando log.....
|-------> Registrando o driver.....
|-------> Realizando a conexão.....
DriverManager.getConnection("jdbc:oracle:thin:@localhost:1521:xe")
    trying oracle.jdbc.OracleDriver
getConnection returning oracle.jdbc.OracleDriver
|-------> Conexão estabelecida.....
SQLState(42000) vendor code(942)
|-------> Iniciando log.....
|-------> Registrando o driver.....
|-------> Realizando a conexão.....
DriverManager.getConnection("jdbc:oracle:thin:@localhost:1521:xe")
    trying oracle.jdbc.OracleDriver
getConnection returning oracle.jdbc.OracleDriver
|-------> Conexão estabelecida.....
SQLState(42000) vendor code(942)
java.sql.SQLSyntaxErrorException: ORA-00942: a tabela ou view não existe

	at oracle.jdbc.driver.SQLStateMapping.newSQLException(SQLStateMapping.java:90)
	at oracle.jdbc.driver.DatabaseError.newSQLException(DatabaseError.java:144)
	at oracle.jdbc.driver.DatabaseError.createSqlException(DatabaseError.java:200)
	at oracle.jdbc.driver.T4CTTIoer.processError(T4CTTIoer.java:439)
	at oracle.jdbc.driver.T4CTTIoer.processError(T4CTTIoer.java:396)
	at oracle.jdbc.driver.T4C8Oall.processError(T4C8Oall.java:837)
	at oracle.jdbc.driver.T4CTTIfun.receive(T4CTTIfun.java:445)
	at oracle.jdbc.driver.T4CTTIfun.doRPC(T4CTTIfun.java:191)
	at oracle.jdbc.driver.T4C8Oall.doOALL(T4C8Oall.java:523)
	at oracle.jdbc.driver.T4CPreparedStatement.doOall8(T4CPreparedStatement.java:207)
	at oracle.jdbc.driver.T4CPreparedStatement.executeForDescribe(T4CPreparedStatement.java:863)
	at oracle.jdbc.driver.OracleStatement.executeMaybeDescribe(OracleStatement.java:1153)
	at oracle.jdbc.driver.OracleStatement.doExecuteWithTimeout(OracleStatement.java:1275)
	at oracle.jdbc.driver.OraclePreparedStatement.executeInternal(OraclePreparedStatement.java:3576)
	at oracle.jdbc.driver.OraclePreparedStatement.executeQuery(OraclePreparedStatement.java:3620)
	at oracle.jdbc.driver.OraclePreparedStatementWrapper.executeQuery(OraclePreparedStatementWrapper.java:1491)
	at br.com.tripcuritiba.dao.jdbc.TripCuritibaDaoJdbc.search(TripCuritibaDaoJdbc.java:83)
	at br.com.tripcuritiba.controller.TripCuritibaController.pesquisar(TripCuritibaController.java:32)
	at br.com.tripcuritiba.view.ViewTripCuritiba.reportBuilder(ViewTripCuritiba.java:325)
	at br.com.tripcuritiba.view.ViewTripCuritiba.main(ViewTripCuritiba.java:56)
SQLState.. :42000
Error Code :942
|-------> Iniciando log.....
|-------> Registrando o driver.....
|-------> Realizando a conexão.....
DriverManager.getConnection("jdbc:oracle:thin:@localhost:1521:xe")
    trying oracle.jdbc.OracleDriver
getConnection returning oracle.jdbc.OracleDriver
|-------> Conexão estabelecida.....
SQLState(42000) vendor code(942)
|-------> Iniciando log.....
|-------> Registrando o driver.....
|-------> Realizando a conexão.....
DriverManager.getConnection("jdbc:oracle:thin:@localhost:1521:xe")
    trying oracle.jdbc.OracleDriver
getConnection returning oracle.jdbc.OracleDriver
|-------> Conexão estabelecida.....
|-------> Iniciando log.....
|-------> Registrando o driver.....
|-------> Realizando a conexão.....
DriverManager.getConnection("jdbc:oracle:thin:@localhost:1521:xe")
    trying oracle.jdbc.OracleDriver
getConnection returning oracle.jdbc.OracleDriver
|-------> Conexão estabelecida.....
SQLState(42000) vendor code(904)
java.sql.SQLSyntaxErrorException: ORA-00904: "ACEITO": identificador inválido

	at oracle.jdbc.driver.SQLStateMapping.newSQLException(SQLStateMapping.java:90)
	at oracle.jdbc.driver.DatabaseError.newSQLException(DatabaseError.java:144)
	at oracle.jdbc.driver.DatabaseError.createSqlException(DatabaseError.java:200)
	at oracle.jdbc.driver.T4CTTIoer.processError(T4CTTIoer.java:439)
	at oracle.jdbc.driver.T4CTTIoer.processError(T4CTTIoer.java:396)
	at oracle.jdbc.driver.T4C8Oall.processError(T4C8Oall.java:837)
	at oracle.jdbc.driver.T4CTTIfun.receive(T4CTTIfun.java:445)
	at oracle.jdbc.driver.T4CTTIfun.doRPC(T4CTTIfun.java:191)
	at oracle.jdbc.driver.T4C8Oall.doOALL(T4C8Oall.java:523)
	at oracle.jdbc.driver.T4CPreparedStatement.doOall8(T4CPreparedStatement.java:207)
	at oracle.jdbc.driver.T4CPreparedStatement.executeForDescribe(T4CPreparedStatement.java:863)
	at oracle.jdbc.driver.OracleStatement.executeMaybeDescribe(OracleStatement.java:1153)
	at oracle.jdbc.driver.OracleStatement.doExecuteWithTimeout(OracleStatement.java:1275)
	at oracle.jdbc.driver.OraclePreparedStatement.executeInternal(OraclePreparedStatement.java:3576)
	at oracle.jdbc.driver.OraclePreparedStatement.executeQuery(OraclePreparedStatement.java:3620)
	at oracle.jdbc.driver.OraclePreparedStatementWrapper.executeQuery(OraclePreparedStatementWrapper.java:1491)
	at br.com.tripcuritiba.dao.jdbc.TripCuritibaDaoJdbc.search(TripCuritibaDaoJdbc.java:83)
	at br.com.tripcuritiba.controller.TripCuritibaController.pesquisar(TripCuritibaController.java:32)
	at br.com.tripcuritiba.view.ViewTripCuritiba.reportBuilder(ViewTripCuritiba.java:325)
	at br.com.tripcuritiba.view.ViewTripCuritiba.main(ViewTripCuritiba.java:56)
SQLState.. :42000
Error Code :904
|-------> Iniciando log.....
|-------> Registrando o driver.....
|-------> Realizando a conexão.....
DriverManager.getConnection("jdbc:oracle:thin:@localhost:1521:xe")
    trying oracle.jdbc.OracleDriver
getConnection returning oracle.jdbc.OracleDriver
|-------> Conexão estabelecida.....
|-------> Iniciando log.....
|-------> Registrando o driver.....
|-------> Realizando a conexão.....
DriverManager.getConnection("jdbc:oracle:thin:@localhost:1521:xe")
    trying oracle.jdbc.OracleDriver
getConnection returning oracle.jdbc.OracleDriver
|-------> Conexão estabelecida.....
|-------> Iniciando log.....
|-------> Registrando o driver.....
|-------> Realizando a conexão.....
DriverManager.getConnection("jdbc:oracle:thin:@localhost:1521:xe")
    trying oracle.jdbc.OracleDriver
getConnection returning oracle.jdbc.OracleDriver
|-------> Conexão estabelecida.....
|-------> Iniciando log.....
|-------> Registrando o driver.....
|-------> Realizando a conexão.....
DriverManager.getConnection("jdbc:oracle:thin:@localhost:1521:xe")
    trying oracle.jdbc.OracleDriver
getConnection returning oracle.jdbc.OracleDriver
|-------> Conexão estabelecida.....
|-------> Iniciando log.....
|-------> Registrando o driver.....
|-------> Realizando a conexão.....
DriverManager.getConnection("jdbc:oracle:thin:@localhost:1521:xe")
    trying oracle.jdbc.OracleDriver
getConnection returning oracle.jdbc.OracleDriver
|-------> Conexão estabelecida.....
|-------> Iniciando log.....
|-------> Registrando o driver.....
|-------> Realizando a conexão.....
DriverManager.getConnection("jdbc:oracle:thin:@localhost:1521:xe")
    trying oracle.jdbc.OracleDriver
getConnection returning oracle.jdbc.OracleDriver
|-------> Conexão estabelecida.....
|-------> Iniciando log.....
|-------> Registrando o driver.....
|-------> Realizando a conexão.....
DriverManager.getConnection("jdbc:oracle:thin:@localhost:1521:xe")
    trying oracle.jdbc.OracleDriver
getConnection returning oracle.jdbc.OracleDriver
|-------> Conexão estabelecida.....
|-------> Iniciando log.....
|-------> Registrando o driver.....
|-------> Realizando a conexão.....
DriverManager.getConnection("jdbc:oracle:thin:@localhost:1521:xe")
    trying oracle.jdbc.OracleDriver
getConnection returning oracle.jdbc.OracleDriver
|-------> Conexão estabelecida.....
|-------> Iniciando log.....
|-------> Registrando o driver.....
|-------> Realizando a conexão.....
DriverManager.getConnection("jdbc:oracle:thin:@localhost:1521:xe")
    trying oracle.jdbc.OracleDriver
getConnection returning oracle.jdbc.OracleDriver
|-------> Conexão estabelecida.....
|-------> Iniciando log.....
|-------> Registrando o driver.....
|-------> Realizando a conexão.....
DriverManager.getConnection("jdbc:oracle:thin:@localhost:1521:xe")
    trying oracle.jdbc.OracleDriver
getConnection returning oracle.jdbc.OracleDriver
|-------> Conexão estabelecida.....
|-------> Iniciando log.....
|-------> Registrando o driver.....
|-------> Realizando a conexão.....
DriverManager.getConnection("jdbc:oracle:thin:@localhost:1521:xe")
    trying oracle.jdbc.OracleDriver
getConnection returning oracle.jdbc.OracleDriver
|-------> Conexão estabelecida.....
|-------> Iniciando log.....
|-------> Registrando o driver.....
|-------> Realizando a conexão.....
DriverManager.getConnection("jdbc:oracle:thin:@localhost:1521:xe")
    trying oracle.jdbc.OracleDriver
getConnection returning oracle.jdbc.OracleDriver
|-------> Conexão estabelecida.....
|-------> Iniciando log.....
|-------> Registrando o driver.....
|-------> Realizando a conexão.....
DriverManager.getConnection("jdbc:oracle:thin:@localhost:1521:xe")
    trying oracle.jdbc.OracleDriver
getConnection returning oracle.jdbc.OracleDriver
|-------> Conexão estabelecida.....
|-------> Iniciando log.....
|-------> Registrando o driver.....
|-------> Realizando a conexão.....
DriverManager.getConnection("jdbc:oracle:thin:@localhost:1521:xe")
    trying oracle.jdbc.OracleDriver
getConnection returning oracle.jdbc.OracleDriver
|-------> Conexão estabelecida.....
|-------> Iniciando log.....
|-------> Registrando o driver.....
|-------> Realizando a conexão.....
DriverManager.getConnection("jdbc:oracle:thin:@localhost:1521:xe")
    trying oracle.jdbc.OracleDriver
getConnection returning oracle.jdbc.OracleDriver
|-------> Conexão estabelecida.....
|-------> Iniciando log.....
|-------> Registrando o driver.....
|-------> Realizando a conexão.....
DriverManager.getConnection("jdbc:oracle:thin:@localhost:1521:xe")
    trying oracle.jdbc.OracleDriver
getConnection returning oracle.jdbc.OracleDriver
|-------> Conexão estabelecida.....
|-------> Iniciando log.....
|-------> Registrando o driver.....
|-------> Realizando a conexão.....
DriverManager.getConnection("jdbc:oracle:thin:@localhost:1521:xe")
    trying oracle.jdbc.OracleDriver
getConnection returning oracle.jdbc.OracleDriver
|-------> Conexão estabelecida.....
|-------> Iniciando log.....
|-------> Registrando o driver.....
|-------> Realizando a conexão.....
DriverManager.getConnection("jdbc:oracle:thin:@localhost:1521:xe")
    trying oracle.jdbc.OracleDriver
getConnection returning oracle.jdbc.OracleDriver
|-------> Conexão estabelecida.....
|-------> Iniciando log.....
|-------> Registrando o driver.....
|-------> Realizando a conexão.....
DriverManager.getConnection("jdbc:oracle:thin:@localhost:1521:xe")
    trying oracle.jdbc.OracleDriver
getConnection returning oracle.jdbc.OracleDriver
|-------> Conexão estabelecida.....
|-------> Iniciando log.....
|-------> Registrando o driver.....
|-------> Realizando a conexão.....
DriverManager.getConnection("jdbc:oracle:thin:@localhost:1521:xe")
    trying oracle.jdbc.OracleDriver
getConnection returning oracle.jdbc.OracleDriver
|-------> Conexão estabelecida.....
|-------> Iniciando log.....
|-------> Registrando o driver.....
|-------> Realizando a conexão.....
DriverManager.getConnection("jdbc:oracle:thin:@localhost:1521:xe")
    trying oracle.jdbc.OracleDriver
getConnection returning oracle.jdbc.OracleDriver
|-------> Conexão estabelecida.....
|-------> Iniciando log.....
|-------> Registrando o driver.....
|-------> Realizando a conexão.....
DriverManager.getConnection("jdbc:oracle:thin:@localhost:1521:xe")
    trying oracle.jdbc.OracleDriver
getConnection returning oracle.jdbc.OracleDriver
|-------> Conexão estabelecida.....
|-------> Iniciando log.....
|-------> Registrando o driver.....
|-------> Realizando a conexão.....
DriverManager.getConnection("jdbc:oracle:thin:@localhost:1521:xe")
    trying oracle.jdbc.OracleDriver
getConnection returning oracle.jdbc.OracleDriver
|-------> Conexão estabelecida.....
|-------> Iniciando log.....
|-------> Registrando o driver.....
|-------> Realizando a conexão.....
DriverManager.getConnection("jdbc:oracle:thin:@localhost:1521:xe")
    trying oracle.jdbc.OracleDriver
getConnection returning oracle.jdbc.OracleDriver
|-------> Conexão estabelecida.....
|-------> Iniciando log.....
|-------> Registrando o driver.....
|-------> Realizando a conexão.....
DriverManager.getConnection("jdbc:oracle:thin:@localhost:1521:xe")
    trying oracle.jdbc.OracleDriver
getConnection returning oracle.jdbc.OracleDriver
|-------> Conexão estabelecida.....
|-------> Iniciando log.....
|-------> Registrando o driver.....
|-------> Realizando a conexão.....
DriverManager.getConnection("jdbc:oracle:thin:@localhost:1521:xe")
    trying oracle.jdbc.OracleDriver
getConnection returning oracle.jdbc.OracleDriver
|-------> Conexão estabelecida.....
|-------> Iniciando log.....
|-------> Registrando o driver.....
|-------> Realizando a conexão.....
DriverManager.getConnection("jdbc:oracle:thin:@localhost:1521:xe")
    trying oracle.jdbc.OracleDriver
getConnection returning oracle.jdbc.OracleDriver
|-------> Conexão estabelecida.....
|-------> Iniciando log.....
|-------> Registrando o driver.....
|-------> Realizando a conexão.....
DriverManager.getConnection("jdbc:oracle:thin:@localhost:1521:xe")
    trying oracle.jdbc.OracleDriver
getConnection returning oracle.jdbc.OracleDriver
|-------> Conexão estabelecida.....
